<?xml version="1.0" encoding="UTF-8"?>
<testsuite name="com.example.calculator.CalculatorTest" tests="5" skipped="0" failures="0" errors="0" timestamp="2026-07-06T13:55:53.283Z" hostname="Mamdouhs-MacBook-Air.local" time="0.013">
  <properties/>
  <testcase name="testDivideByZeroThrowsException()" classname="com.example.calculator.CalculatorTest" time="0.005"/>
  <testcase name="testSum()" classname="com.example.calculator.CalculatorTest" time="0.0"/>
  <testcase name="testSubtract()" classname="com.example.calculator.CalculatorTest" time="0.0"/>
  <testcase name="testDivide()" classname="com.example.calculator.CalculatorTest" time="0.0"/>
  <testcase name="testMultiply()" classname="com.example.calculator.CalculatorTest" time="0.0"/>
  <system-out><![CDATA[]]></system-out>
  <system-err><![CDATA[]]></system-err>
</testsuite>
